<?xml version="1.0" encoding="UTF-8"?>
<testsuite xmlns:xsi="http://www.w3.org/2001/XMLSchema-instance" xsi:noNamespaceSchemaLocation="https://maven.apache.org/surefire/maven-surefire-plugin/xsd/surefire-test-report.xsd" name="com.example.demo.DemoApplicationTests" time="14.364" tests="1" errors="0" skipped="0" failures="0">
  <properties>
    <property name="java.specification.version" value="18"/>
    <property name="sun.jnu.encoding" value="UTF-8"/>
    <property name="java.class.path" value="/Users/kevin/Desktop/microservices/anteaterMicroservices/product-service/target/test-classes:/Users/kevin/Desktop/microservices/anteaterMicroservices/product-service/target/classes:/Users/kevin/.m2/repository/org/springframework/boot/spring-boot-starter-data-rest/3.0.0-M2/spring-boot-starter-data-rest-3.0.0-M2.jar:/Users/kevin/.m2/repository/org/springframework/data/spring-data-rest-webmvc/4.0.0-M3/spring-data-rest-webmvc-4.0.0-M3.jar:/Users/kevin/.m2/repository/org/springframework/data/spring-data-rest-core/4.0.0-M3/spring-data-rest-core-4.0.0-M3.jar:/Users/kevin/.m2/repository/org/springframework/hateoas/spring-hateoas/2.0.0-M2/spring-hateoas-2.0.0-M2.jar:/Users/kevin/.m2/repository/org/springframework/plugin/spring-plugin-core/3.0.0-M1/spring-plugin-core-3.0.0-M1.jar:/Users/kevin/.m2/repository/org/atteo/evo-inflector/1.3/evo-inflector-1.3.jar:/Users/kevin/.m2/repository/com/fasterxml/jackson/core/jackson-databind/2.13.2/jackson-databind-2.13.2.jar:/Users/kevin/.m2/repository/com/fasterxml/jackson/core/jackson-core/2.13.2/jackson-core-2.13.2.jar:/Users/kevin/.m2/repository/com/fasterxml/jackson/core/jackson-annotations/2.13.2/jackson-annotations-2.13.2.jar:/Users/kevin/.m2/repository/org/slf4j/slf4j-api/1.7.36/slf4j-api-1.7.36.jar:/Users/kevin/.m2/repository/org/springframework/boot/spring-boot-starter-web/3.0.0-M2/spring-boot-starter-web-3.0.0-M2.jar:/Users/kevin/.m2/repository/org/springframework/boot/spring-boot-starter/3.0.0-M2/spring-boot-starter-3.0.0-M2.jar:/Users/kevin/.m2/repository/org/springframework/boot/spring-boot/3.0.0-M2/spring-boot-3.0.0-M2.jar:/Users/kevin/.m2/repository/org/springframework/boot/spring-boot-autoconfigure/3.0.0-M2/spring-boot-autoconfigure-3.0.0-M2.jar:/Users/kevin/.m2/repository/org/springframework/boot/spring-boot-starter-logging/3.0.0-M2/spring-boot-starter-logging-3.0.0-M2.jar:/Users/kevin/.m2/repository/ch/qos/logback/logback-classic/1.2.11/logback-classic-1.2.11.jar:/Users/kevin/.m2/repository/ch/qos/logback/logback-core/1.2.11/logback-core-1.2.11.jar:/Users/kevin/.m2/repository/org/apache/logging/log4j/log4j-to-slf4j/2.17.2/log4j-to-slf4j-2.17.2.jar:/Users/kevin/.m2/repository/org/apache/logging/log4j/log4j-api/2.17.2/log4j-api-2.17.2.jar:/Users/kevin/.m2/repository/org/slf4j/jul-to-slf4j/1.7.36/jul-to-slf4j-1.7.36.jar:/Users/kevin/.m2/repository/jakarta/annotation/jakarta.annotation-api/2.0.0/jakarta.annotation-api-2.0.0.jar:/Users/kevin/.m2/repository/org/yaml/snakeyaml/1.30/snakeyaml-1.30.jar:/Users/kevin/.m2/repository/org/springframework/boot/spring-boot-starter-json/3.0.0-M2/spring-boot-starter-json-3.0.0-M2.jar:/Users/kevin/.m2/repository/com/fasterxml/jackson/datatype/jackson-datatype-jdk8/2.13.2/jackson-datatype-jdk8-2.13.2.jar:/Users/kevin/.m2/repository/com/fasterxml/jackson/datatype/jackson-datatype-jsr310/2.13.2/jackson-datatype-jsr310-2.13.2.jar:/Users/kevin/.m2/repository/com/fasterxml/jackson/module/jackson-module-parameter-names/2.13.2/jackson-module-parameter-names-2.13.2.jar:/Users/kevin/.m2/repository/org/springframework/boot/spring-boot-starter-tomcat/3.0.0-M2/spring-boot-starter-tomcat-3.0.0-M2.jar:/Users/kevin/.m2/repository/org/apache/tomcat/embed/tomcat-embed-core/10.0.18/tomcat-embed-core-10.0.18.jar:/Users/kevin/.m2/repository/org/apache/tomcat/embed/tomcat-embed-el/10.0.18/tomcat-embed-el-10.0.18.jar:/Users/kevin/.m2/repository/org/apache/tomcat/embed/tomcat-embed-websocket/10.0.18/tomcat-embed-websocket-10.0.18.jar:/Users/kevin/.m2/repository/org/springframework/spring-web/6.0.0-M3/spring-web-6.0.0-M3.jar:/Users/kevin/.m2/repository/org/springframework/spring-beans/6.0.0-M3/spring-beans-6.0.0-M3.jar:/Users/kevin/.m2/repository/org/springframework/spring-webmvc/6.0.0-M3/spring-webmvc-6.0.0-M3.jar:/Users/kevin/.m2/repository/org/springframework/spring-aop/6.0.0-M3/spring-aop-6.0.0-M3.jar:/Users/kevin/.m2/repository/org/springframework/spring-context/6.0.0-M3/spring-context-6.0.0-M3.jar:/Users/kevin/.m2/repository/org/springframework/spring-expression/6.0.0-M3/spring-expression-6.0.0-M3.jar:/Users/kevin/.m2/repository/org/springframework/boot/spring-boot-starter-data-mongodb/3.0.0-M2/spring-boot-starter-data-mongodb-3.0.0-M2.jar:/Users/kevin/.m2/repository/org/mongodb/mongodb-driver-sync/4.5.1/mongodb-driver-sync-4.5.1.jar:/Users/kevin/.m2/repository/org/mongodb/bson/4.5.1/bson-4.5.1.jar:/Users/kevin/.m2/repository/org/mongodb/mongodb-driver-core/4.5.1/mongodb-driver-core-4.5.1.jar:/Users/kevin/.m2/repository/org/springframework/data/spring-data-mongodb/4.0.0-M3/spring-data-mongodb-4.0.0-M3.jar:/Users/kevin/.m2/repository/org/springframework/spring-tx/6.0.0-M3/spring-tx-6.0.0-M3.jar:/Users/kevin/.m2/repository/org/springframework/data/spring-data-commons/3.0.0-M3/spring-data-commons-3.0.0-M3.jar:/Users/kevin/.m2/repository/org/springframework/boot/spring-boot-configuration-processor/3.0.0-M2/spring-boot-configuration-processor-3.0.0-M2.jar:/Users/kevin/.m2/repository/org/projectlombok/lombok/1.18.22/lombok-1.18.22.jar:/Users/kevin/.m2/repository/org/springframework/boot/spring-boot-starter-test/3.0.0-M2/spring-boot-starter-test-3.0.0-M2.jar:/Users/kevin/.m2/repository/org/springframework/boot/spring-boot-test/3.0.0-M2/spring-boot-test-3.0.0-M2.jar:/Users/kevin/.m2/repository/org/springframework/boot/spring-boot-test-autoconfigure/3.0.0-M2/spring-boot-test-autoconfigure-3.0.0-M2.jar:/Users/kevin/.m2/repository/com/jayway/jsonpath/json-path/2.7.0/json-path-2.7.0.jar:/Users/kevin/.m2/repository/net/minidev/json-smart/2.4.8/json-smart-2.4.8.jar:/Users/kevin/.m2/repository/net/minidev/accessors-smart/2.4.8/accessors-smart-2.4.8.jar:/Users/kevin/.m2/repository/org/ow2/asm/asm/9.1/asm-9.1.jar:/Users/kevin/.m2/repository/jakarta/xml/bind/jakarta.xml.bind-api/3.0.1/jakarta.xml.bind-api-3.0.1.jar:/Users/kevin/.m2/repository/com/sun/activation/jakarta.activation/2.0.1/jakarta.activation-2.0.1.jar:/Users/kevin/.m2/repository/org/assertj/assertj-core/3.22.0/assertj-core-3.22.0.jar:/Users/kevin/.m2/repository/org/hamcrest/hamcrest/2.2/hamcrest-2.2.jar:/Users/kevin/.m2/repository/org/junit/jupiter/junit-jupiter/5.8.2/junit-jupiter-5.8.2.jar:/Users/kevin/.m2/repository/org/junit/jupiter/junit-jupiter-params/5.8.2/junit-jupiter-params-5.8.2.jar:/Users/kevin/.m2/repository/org/junit/jupiter/junit-jupiter-engine/5.8.2/junit-jupiter-engine-5.8.2.jar:/Users/kevin/.m2/repository/org/junit/platform/junit-platform-engine/1.8.2/junit-platform-engine-1.8.2.jar:/Users/kevin/.m2/repository/org/mockito/mockito-core/4.4.0/mockito-core-4.4.0.jar:/Users/kevin/.m2/repository/net/bytebuddy/byte-buddy/1.12.8/byte-buddy-1.12.8.jar:/Users/kevin/.m2/repository/net/bytebuddy/byte-buddy-agent/1.12.8/byte-buddy-agent-1.12.8.jar:/Users/kevin/.m2/repository/org/objenesis/objenesis/3.2/objenesis-3.2.jar:/Users/kevin/.m2/repository/org/mockito/mockito-junit-jupiter/4.4.0/mockito-junit-jupiter-4.4.0.jar:/Users/kevin/.m2/repository/org/skyscreamer/jsonassert/1.5.0/jsonassert-1.5.0.jar:/Users/kevin/.m2/repository/com/vaadin/external/google/android-json/0.0.20131108.vaadin1/android-json-0.0.20131108.vaadin1.jar:/Users/kevin/.m2/repository/org/springframework/spring-core/6.0.0-M3/spring-core-6.0.0-M3.jar:/Users/kevin/.m2/repository/org/springframework/spring-jcl/6.0.0-M3/spring-jcl-6.0.0-M3.jar:/Users/kevin/.m2/repository/org/springframework/spring-test/6.0.0-M3/spring-test-6.0.0-M3.jar:/Users/kevin/.m2/repository/org/xmlunit/xmlunit-core/2.9.0/xmlunit-core-2.9.0.jar:/Users/kevin/.m2/repository/org/testcontainers/mongodb/1.16.3/mongodb-1.16.3.jar:/Users/kevin/.m2/repository/org/testcontainers/testcontainers/1.16.3/testcontainers-1.16.3.jar:/Users/kevin/.m2/repository/junit/junit/4.13.2/junit-4.13.2.jar:/Users/kevin/.m2/repository/org/hamcrest/hamcrest-core/2.2/hamcrest-core-2.2.jar:/Users/kevin/.m2/repository/org/apache/commons/commons-compress/1.21/commons-compress-1.21.jar:/Users/kevin/.m2/repository/org/rnorth/duct-tape/duct-tape/1.0.8/duct-tape-1.0.8.jar:/Users/kevin/.m2/repository/org/jetbrains/annotations/17.0.0/annotations-17.0.0.jar:/Users/kevin/.m2/repository/com/github/docker-java/docker-java-api/3.2.12/docker-java-api-3.2.12.jar:/Users/kevin/.m2/repository/com/github/docker-java/docker-java-transport-zerodep/3.2.12/docker-java-transport-zerodep-3.2.12.jar:/Users/kevin/.m2/repository/com/github/docker-java/docker-java-transport/3.2.12/docker-java-transport-3.2.12.jar:/Users/kevin/.m2/repository/net/java/dev/jna/jna/5.8.0/jna-5.8.0.jar:/Users/kevin/.m2/repository/org/testcontainers/junit-jupiter/1.16.3/junit-jupiter-1.16.3.jar:/Users/kevin/.m2/repository/org/junit/jupiter/junit-jupiter-api/5.8.2/junit-jupiter-api-5.8.2.jar:/Users/kevin/.m2/repository/org/opentest4j/opentest4j/1.2.0/opentest4j-1.2.0.jar:/Users/kevin/.m2/repository/org/junit/platform/junit-platform-commons/1.8.2/junit-platform-commons-1.8.2.jar:/Users/kevin/.m2/repository/org/apiguardian/apiguardian-api/1.1.2/apiguardian-api-1.1.2.jar:"/>
    <property name="java.vm.vendor" value="Homebrew"/>
    <property name="sun.arch.data.model" value="64"/>
    <property name="java.vendor.url" value="https://github.com/Homebrew/homebrew-core/issues"/>
    <property name="os.name" value="Mac OS X"/>
    <property name="java.vm.specification.version" value="18"/>
    <property name="sun.java.launcher" value="SUN_STANDARD"/>
    <property name="user.country" value="TW"/>
    <property name="sun.boot.library.path" value="/usr/local/Cellar/openjdk/18.0.1/libexec/openjdk.jdk/Contents/Home/lib"/>
    <property name="sun.java.command" value="/Users/kevin/Desktop/microservices/anteaterMicroservices/product-service/target/surefire/surefirebooter9712817686216641732.jar /Users/kevin/Desktop/microservices/anteaterMicroservices/product-service/target/surefire 2022-05-10T14-57-19_181-jvmRun1 surefire6944402165364034056tmp surefire_018116971547021321693tmp"/>
    <property name="http.nonProxyHosts" value="local|*.local|169.254/16|*.169.254/16"/>
    <property name="jdk.debug" value="release"/>
    <property name="surefire.test.class.path" value="/Users/kevin/Desktop/microservices/anteaterMicroservices/product-service/target/test-classes:/Users/kevin/Desktop/microservices/anteaterMicroservices/product-service/target/classes:/Users/kevin/.m2/repository/org/springframework/boot/spring-boot-starter-data-rest/3.0.0-M2/spring-boot-starter-data-rest-3.0.0-M2.jar:/Users/kevin/.m2/repository/org/springframework/data/spring-data-rest-webmvc/4.0.0-M3/spring-data-rest-webmvc-4.0.0-M3.jar:/Users/kevin/.m2/repository/org/springframework/data/spring-data-rest-core/4.0.0-M3/spring-data-rest-core-4.0.0-M3.jar:/Users/kevin/.m2/repository/org/springframework/hateoas/spring-hateoas/2.0.0-M2/spring-hateoas-2.0.0-M2.jar:/Users/kevin/.m2/repository/org/springframework/plugin/spring-plugin-core/3.0.0-M1/spring-plugin-core-3.0.0-M1.jar:/Users/kevin/.m2/repository/org/atteo/evo-inflector/1.3/evo-inflector-1.3.jar:/Users/kevin/.m2/repository/com/fasterxml/jackson/core/jackson-databind/2.13.2/jackson-databind-2.13.2.jar:/Users/kevin/.m2/repository/com/fasterxml/jackson/core/jackson-core/2.13.2/jackson-core-2.13.2.jar:/Users/kevin/.m2/repository/com/fasterxml/jackson/core/jackson-annotations/2.13.2/jackson-annotations-2.13.2.jar:/Users/kevin/.m2/repository/org/slf4j/slf4j-api/1.7.36/slf4j-api-1.7.36.jar:/Users/kevin/.m2/repository/org/springframework/boot/spring-boot-starter-web/3.0.0-M2/spring-boot-starter-web-3.0.0-M2.jar:/Users/kevin/.m2/repository/org/springframework/boot/spring-boot-starter/3.0.0-M2/spring-boot-starter-3.0.0-M2.jar:/Users/kevin/.m2/repository/org/springframework/boot/spring-boot/3.0.0-M2/spring-boot-3.0.0-M2.jar:/Users/kevin/.m2/repository/org/springframework/boot/spring-boot-autoconfigure/3.0.0-M2/spring-boot-autoconfigure-3.0.0-M2.jar:/Users/kevin/.m2/repository/org/springframework/boot/spring-boot-starter-logging/3.0.0-M2/spring-boot-starter-logging-3.0.0-M2.jar:/Users/kevin/.m2/repository/ch/qos/logback/logback-classic/1.2.11/logback-classic-1.2.11.jar:/Users/kevin/.m2/repository/ch/qos/logback/logback-core/1.2.11/logback-core-1.2.11.jar:/Users/kevin/.m2/repository/org/apache/logging/log4j/log4j-to-slf4j/2.17.2/log4j-to-slf4j-2.17.2.jar:/Users/kevin/.m2/repository/org/apache/logging/log4j/log4j-api/2.17.2/log4j-api-2.17.2.jar:/Users/kevin/.m2/repository/org/slf4j/jul-to-slf4j/1.7.36/jul-to-slf4j-1.7.36.jar:/Users/kevin/.m2/repository/jakarta/annotation/jakarta.annotation-api/2.0.0/jakarta.annotation-api-2.0.0.jar:/Users/kevin/.m2/repository/org/yaml/snakeyaml/1.30/snakeyaml-1.30.jar:/Users/kevin/.m2/repository/org/springframework/boot/spring-boot-starter-json/3.0.0-M2/spring-boot-starter-json-3.0.0-M2.jar:/Users/kevin/.m2/repository/com/fasterxml/jackson/datatype/jackson-datatype-jdk8/2.13.2/jackson-datatype-jdk8-2.13.2.jar:/Users/kevin/.m2/repository/com/fasterxml/jackson/datatype/jackson-datatype-jsr310/2.13.2/jackson-datatype-jsr310-2.13.2.jar:/Users/kevin/.m2/repository/com/fasterxml/jackson/module/jackson-module-parameter-names/2.13.2/jackson-module-parameter-names-2.13.2.jar:/Users/kevin/.m2/repository/org/springframework/boot/spring-boot-starter-tomcat/3.0.0-M2/spring-boot-starter-tomcat-3.0.0-M2.jar:/Users/kevin/.m2/repository/org/apache/tomcat/embed/tomcat-embed-core/10.0.18/tomcat-embed-core-10.0.18.jar:/Users/kevin/.m2/repository/org/apache/tomcat/embed/tomcat-embed-el/10.0.18/tomcat-embed-el-10.0.18.jar:/Users/kevin/.m2/repository/org/apache/tomcat/embed/tomcat-embed-websocket/10.0.18/tomcat-embed-websocket-10.0.18.jar:/Users/kevin/.m2/repository/org/springframework/spring-web/6.0.0-M3/spring-web-6.0.0-M3.jar:/Users/kevin/.m2/repository/org/springframework/spring-beans/6.0.0-M3/spring-beans-6.0.0-M3.jar:/Users/kevin/.m2/repository/org/springframework/spring-webmvc/6.0.0-M3/spring-webmvc-6.0.0-M3.jar:/Users/kevin/.m2/repository/org/springframework/spring-aop/6.0.0-M3/spring-aop-6.0.0-M3.jar:/Users/kevin/.m2/repository/org/springframework/spring-context/6.0.0-M3/spring-context-6.0.0-M3.jar:/Users/kevin/.m2/repository/org/springframework/spring-expression/6.0.0-M3/spring-expression-6.0.0-M3.jar:/Users/kevin/.m2/repository/org/springframework/boot/spring-boot-starter-data-mongodb/3.0.0-M2/spring-boot-starter-data-mongodb-3.0.0-M2.jar:/Users/kevin/.m2/repository/org/mongodb/mongodb-driver-sync/4.5.1/mongodb-driver-sync-4.5.1.jar:/Users/kevin/.m2/repository/org/mongodb/bson/4.5.1/bson-4.5.1.jar:/Users/kevin/.m2/repository/org/mongodb/mongodb-driver-core/4.5.1/mongodb-driver-core-4.5.1.jar:/Users/kevin/.m2/repository/org/springframework/data/spring-data-mongodb/4.0.0-M3/spring-data-mongodb-4.0.0-M3.jar:/Users/kevin/.m2/repository/org/springframework/spring-tx/6.0.0-M3/spring-tx-6.0.0-M3.jar:/Users/kevin/.m2/repository/org/springframework/data/spring-data-commons/3.0.0-M3/spring-data-commons-3.0.0-M3.jar:/Users/kevin/.m2/repository/org/springframework/boot/spring-boot-configuration-processor/3.0.0-M2/spring-boot-configuration-processor-3.0.0-M2.jar:/Users/kevin/.m2/repository/org/projectlombok/lombok/1.18.22/lombok-1.18.22.jar:/Users/kevin/.m2/repository/org/springframework/boot/spring-boot-starter-test/3.0.0-M2/spring-boot-starter-test-3.0.0-M2.jar:/Users/kevin/.m2/repository/org/springframework/boot/spring-boot-test/3.0.0-M2/spring-boot-test-3.0.0-M2.jar:/Users/kevin/.m2/repository/org/springframework/boot/spring-boot-test-autoconfigure/3.0.0-M2/spring-boot-test-autoconfigure-3.0.0-M2.jar:/Users/kevin/.m2/repository/com/jayway/jsonpath/json-path/2.7.0/json-path-2.7.0.jar:/Users/kevin/.m2/repository/net/minidev/json-smart/2.4.8/json-smart-2.4.8.jar:/Users/kevin/.m2/repository/net/minidev/accessors-smart/2.4.8/accessors-smart-2.4.8.jar:/Users/kevin/.m2/repository/org/ow2/asm/asm/9.1/asm-9.1.jar:/Users/kevin/.m2/repository/jakarta/xml/bind/jakarta.xml.bind-api/3.0.1/jakarta.xml.bind-api-3.0.1.jar:/Users/kevin/.m2/repository/com/sun/activation/jakarta.activation/2.0.1/jakarta.activation-2.0.1.jar:/Users/kevin/.m2/repository/org/assertj/assertj-core/3.22.0/assertj-core-3.22.0.jar:/Users/kevin/.m2/repository/org/hamcrest/hamcrest/2.2/hamcrest-2.2.jar:/Users/kevin/.m2/repository/org/junit/jupiter/junit-jupiter/5.8.2/junit-jupiter-5.8.2.jar:/Users/kevin/.m2/repository/org/junit/jupiter/junit-jupiter-params/5.8.2/junit-jupiter-params-5.8.2.jar:/Users/kevin/.m2/repository/org/junit/jupiter/junit-jupiter-engine/5.8.2/junit-jupiter-engine-5.8.2.jar:/Users/kevin/.m2/repository/org/junit/platform/junit-platform-engine/1.8.2/junit-platform-engine-1.8.2.jar:/Users/kevin/.m2/repository/org/mockito/mockito-core/4.4.0/mockito-core-4.4.0.jar:/Users/kevin/.m2/repository/net/bytebuddy/byte-buddy/1.12.8/byte-buddy-1.12.8.jar:/Users/kevin/.m2/repository/net/bytebuddy/byte-buddy-agent/1.12.8/byte-buddy-agent-1.12.8.jar:/Users/kevin/.m2/repository/org/objenesis/objenesis/3.2/objenesis-3.2.jar:/Users/kevin/.m2/repository/org/mockito/mockito-junit-jupiter/4.4.0/mockito-junit-jupiter-4.4.0.jar:/Users/kevin/.m2/repository/org/skyscreamer/jsonassert/1.5.0/jsonassert-1.5.0.jar:/Users/kevin/.m2/repository/com/vaadin/external/google/android-json/0.0.20131108.vaadin1/android-json-0.0.20131108.vaadin1.jar:/Users/kevin/.m2/repository/org/springframework/spring-core/6.0.0-M3/spring-core-6.0.0-M3.jar:/Users/kevin/.m2/repository/org/springframework/spring-jcl/6.0.0-M3/spring-jcl-6.0.0-M3.jar:/Users/kevin/.m2/repository/org/springframework/spring-test/6.0.0-M3/spring-test-6.0.0-M3.jar:/Users/kevin/.m2/repository/org/xmlunit/xmlunit-core/2.9.0/xmlunit-core-2.9.0.jar:/Users/kevin/.m2/repository/org/testcontainers/mongodb/1.16.3/mongodb-1.16.3.jar:/Users/kevin/.m2/repository/org/testcontainers/testcontainers/1.16.3/testcontainers-1.16.3.jar:/Users/kevin/.m2/repository/junit/junit/4.13.2/junit-4.13.2.jar:/Users/kevin/.m2/repository/org/hamcrest/hamcrest-core/2.2/hamcrest-core-2.2.jar:/Users/kevin/.m2/repository/org/apache/commons/commons-compress/1.21/commons-compress-1.21.jar:/Users/kevin/.m2/repository/org/rnorth/duct-tape/duct-tape/1.0.8/duct-tape-1.0.8.jar:/Users/kevin/.m2/repository/org/jetbrains/annotations/17.0.0/annotations-17.0.0.jar:/Users/kevin/.m2/repository/com/github/docker-java/docker-java-api/3.2.12/docker-java-api-3.2.12.jar:/Users/kevin/.m2/repository/com/github/docker-java/docker-java-transport-zerodep/3.2.12/docker-java-transport-zerodep-3.2.12.jar:/Users/kevin/.m2/repository/com/github/docker-java/docker-java-transport/3.2.12/docker-java-transport-3.2.12.jar:/Users/kevin/.m2/repository/net/java/dev/jna/jna/5.8.0/jna-5.8.0.jar:/Users/kevin/.m2/repository/org/testcontainers/junit-jupiter/1.16.3/junit-jupiter-1.16.3.jar:/Users/kevin/.m2/repository/org/junit/jupiter/junit-jupiter-api/5.8.2/junit-jupiter-api-5.8.2.jar:/Users/kevin/.m2/repository/org/opentest4j/opentest4j/1.2.0/opentest4j-1.2.0.jar:/Users/kevin/.m2/repository/org/junit/platform/junit-platform-commons/1.8.2/junit-platform-commons-1.8.2.jar:/Users/kevin/.m2/repository/org/apiguardian/apiguardian-api/1.1.2/apiguardian-api-1.1.2.jar:"/>
    <property name="sun.cpu.endian" value="little"/>
    <property name="user.home" value="/Users/kevin"/>
    <property name="user.language" value="zh"/>
    <property name="java.specification.vendor" value="Oracle Corporation"/>
    <property name="java.version.date" value="2022-04-19"/>
    <property name="java.home" value="/usr/local/Cellar/openjdk/18.0.1/libexec/openjdk.jdk/Contents/Home"/>
    <property name="file.separator" value="/"/>
    <property name="basedir" value="/Users/kevin/Desktop/microservices/anteaterMicroservices/product-service"/>
    <property name="java.vm.compressedOopsMode" value="Zero based"/>
    <property name="line.separator" value="&#10;"/>
    <property name="java.vm.specification.vendor" value="Oracle Corporation"/>
    <property name="java.specification.name" value="Java Platform API Specification"/>
    <property name="apple.awt.application.name" value="ForkedBooter"/>
    <property name="surefire.real.class.path" value="/Users/kevin/Desktop/microservices/anteaterMicroservices/product-service/target/surefire/surefirebooter9712817686216641732.jar"/>
    <property name="user.script" value="Hant"/>
    <property name="sun.management.compiler" value="HotSpot 64-Bit Tiered Compilers"/>
    <property name="ftp.nonProxyHosts" value="local|*.local|169.254/16|*.169.254/16"/>
    <property name="java.runtime.version" value="18.0.1+0"/>
    <property name="user.name" value="kevin"/>
    <property name="path.separator" value=":"/>
    <property name="os.version" value="12.3.1"/>
    <property name="java.runtime.name" value="OpenJDK Runtime Environment"/>
    <property name="file.encoding" value="UTF-8"/>
    <property name="java.vm.name" value="OpenJDK 64-Bit Server VM"/>
    <property name="java.vendor.version" value="Homebrew"/>
    <property name="localRepository" value="/Users/kevin/.m2/repository"/>
    <property name="java.vendor.url.bug" value="https://github.com/Homebrew/homebrew-core/issues"/>
    <property name="java.io.tmpdir" value="/var/folders/nb/19nkm7vs2zv5395_0rwy72yw0000gn/T/"/>
    <property name="idea.version" value="2022.1"/>
    <property name="java.version" value="18.0.1"/>
    <property name="user.dir" value="/Users/kevin/Desktop/microservices/anteaterMicroservices/product-service"/>
    <property name="os.arch" value="x86_64"/>
    <property name="java.vm.specification.name" value="Java Virtual Machine Specification"/>
    <property name="native.encoding" value="UTF-8"/>
    <property name="java.library.path" value="/Users/kevin/Library/Java/Extensions:/Library/Java/Extensions:/Network/Library/Java/Extensions:/System/Library/Java/Extensions:/usr/lib/java:."/>
    <property name="java.vm.info" value="mixed mode, sharing"/>
    <property name="java.vendor" value="Homebrew"/>
    <property name="java.vm.version" value="18.0.1+0"/>
    <property name="sun.io.unicode.encoding" value="UnicodeBig"/>
    <property name="socksNonProxyHosts" value="local|*.local|169.254/16|*.169.254/16"/>
    <property name="java.class.version" value="62.0"/>
  </properties>
  <testcase name="shouldCreateProduct" classname="com.example.demo.DemoApplicationTests" time="0.666"/>
</testsuite>